#
# There is insufficient memory for the Java Runtime Environment to continue.
# Native memory allocation (mmap) failed to map 532676608 bytes. Error detail: G1 virtual space
# Possible reasons:
#   The system is out of physical RAM or swap space
#   This process is running with CompressedOops enabled, and the Java Heap may be blocking the growth of the native heap
# Possible solutions:
#   Reduce memory load on the system
#   Increase physical memory or swap space
#   Check if swap backing store is full
#   Decrease Java heap size (-Xmx/-Xms)
#   Decrease number of Java threads
#   Decrease Java thread stack sizes (-Xss)
#   Set larger code cache with -XX:ReservedCodeCacheSize=
#   JVM is running with Zero Based Compressed Oops mode in which the Java heap is
#     placed in the first 32GB address space. The Java Heap base address is the
#     maximum limit for the native heap growth. Please use -XX:HeapBaseMinAddress
#     to set the Java Heap base and to place the Java Heap above 32GB virtual address.
# This output file may be truncated or incomplete.
#
#  Out of Memory Error (os_windows.cpp:3925), pid=172028, tid=172168
#
# JRE version:  (21.0.9+1) (build )
# Java VM: OpenJDK 64-Bit Server VM (21.0.9+1-b1038.76, mixed mode, sharing, tiered, compressed oops, compressed class ptrs, g1 gc, windows-amd64)
# No core dump will be written. Minidumps are not enabled by default on client versions of Windows
#

---------------  S U M M A R Y ------------

Command Line: git4idea.http.GitAskPassApp Username for 'https://github.com': 

Host: 13th Gen Intel(R) Core(TM) i7-13700H, 20 cores, 31G,  Windows 11 , 64 bit Build 26100 (10.0.26100.6725)
Time: Sat Apr  4 13:01:31 2026 FLE Daylight Time elapsed time: 1.072482 seconds (0d 0h 0m 1s)

---------------  T H R E A D  ---------------

Current thread (0x000001a313079cb0):  JavaThread "Unknown thread" [_thread_in_vm, id=172168, stack(0x0000009ce7700000,0x0000009ce7800000) (1024K)]

Stack: [0x0000009ce7700000,0x0000009ce7800000]
Native frames: (J=compiled Java code, j=interpreted, Vv=VM code, C=native code)
V  [jvm.dll+0x6ec259]
V  [jvm.dll+0x8cc383]
V  [jvm.dll+0x8ce99e]
V  [jvm.dll+0x8cf083]
V  [jvm.dll+0x28b006]
V  [jvm.dll+0x6e8a35]
V  [jvm.dll+0x6dc0ca]
V  [jvm.dll+0x366a7b]
V  [jvm.dll+0x36e666]
V  [jvm.dll+0x3c0bd6]
V  [jvm.dll+0x3c0ea8]
V  [jvm.dll+0x33922c]
V  [jvm.dll+0x339f1b]
V  [jvm.dll+0x893a49]
V  [jvm.dll+0x3cdda8]
V  [jvm.dll+0x87c988]
V  [jvm.dll+0x462a4e]
V  [jvm.dll+0x464731]
C  [jli.dll+0x52ab]
C  [ucrtbase.dll+0x37b0]
C  [KERNEL32.DLL+0x2e8d7]
C  [ntdll.dll+0x8c53c]


---------------  P R O C E S S  ---------------

Threads class SMR info:
_java_thread_list=0x00007ff80e4f52c8, length=0, elements={
}

Java Threads: ( => current thread )
Total: 0

Other Threads:
  0x000001a3131238f0 WorkerThread "GC Thread#0"                     [id=164352, stack(0x0000009ce7800000,0x0000009ce7900000) (1024K)]
  0x000001a3131353b0 ConcurrentGCThread "G1 Main Marker"            [id=83044, stack(0x0000009ce7900000,0x0000009ce7a00000) (1024K)]
  0x000001a313135dc0 WorkerThread "G1 Conc#0"                       [id=129608, stack(0x0000009ce7a00000,0x0000009ce7b00000) (1024K)]

[error occurred during error reporting (printing all threads), id 0xc0000005, EXCEPTION_ACCESS_VIOLATION (0xc0000005) at pc=0x00007ff80dbdc287]
VM state: not at safepoint (not fully initialized)

VM Mutex/Monitor currently owned by a thread:  ([mutex/lock_event])
[0x00007ff80e569e30] Heap_lock - owner thread: 0x000001a313079cb0

Heap address: 0x0000000605400000, size: 8108 MB, Compressed Oops mode: Zero based, Oop shift amount: 3

CDS archive(s) mapped at: [0x0000000000000000-0x0000000000000000-0x0000000000000000), size 0, SharedBaseAddress: 0x0000000800000000, ArchiveRelocationMode: 1.
Narrow klass base: 0x0000000000000000, Narrow klass shift: 0, Narrow klass range: 0x0

GC Precious Log:
 CardTable entry size: 512
 Card Set container configuration: InlinePtr #cards 4 size 8 Array Of Cards #cards 32 size 80 Howl #buckets 8 coarsen threshold 7372 Howl Bitmap #cards 1024 size 144 coarsen threshold 921 Card regions per heap region 1 cards per card region 8192

Heap:
 garbage-first heap   total 0K, used 0K [0x0000000605400000, 0x0000000800000000)
  region size 4096K, 0 young (0K), 0 survivors (0K)
 Metaspace       used 0K, committed 0K, reserved 0K
  class space    used 0K, committed 0K, reserved 0K

Heap Regions: E=young(eden), S=young(survivor), O=old, HS=humongous(starts), HC=humongous(continues), CS=collection set, F=free, TAMS=top-at-mark-start, PB=parsable bottom

Card table byte_map: [0x000001a327b50000,0x000001a328b30000] _byte_map_base: 0x000001a324b26000

Marking Bits: (CMBitMap*) 0x000001a313123f00
 Bits: [0x000001a328b30000, 0x000001a3309e0000)

GC Heap History (0 events):
No events

Dll operation events (1 events):
Event: 0.007 Loaded shared library C:\Program Files\JetBrains\IntelliJ IDEA 2025.2.5\jbr\bin\java.dll

Deoptimization events (0 events):
No events

Classes loaded (0 events):
No events

Classes unloaded (0 events):
No events

Classes redefined (0 events):
No events

Internal exceptions (0 events):
No events

ZGC Phase Switch (0 events):
No events

VM Operations (0 events):
No events

Memory protections (0 events):
No events

Nmethod flushes (0 events):
No events

Events (0 events):
No events


Dynamic libraries:
0x00007ff6b5e30000 - 0x00007ff6b5e3a000 	C:\Program Files\JetBrains\IntelliJ IDEA 2025.2.5\jbr\bin\java.exe
0x00007ff8cf840000 - 0x00007ff8cfaa8000 	C:\WINDOWS\SYSTEM32\ntdll.dll
0x00007ff8cdf00000 - 0x00007ff8cdfc9000 	C:\WINDOWS\System32\KERNEL32.DLL
0x00007ff8ccd70000 - 0x00007ff8cd162000 	C:\WINDOWS\System32\KERNELBASE.dll
0x00007ff8cd370000 - 0x00007ff8cd4bb000 	C:\WINDOWS\System32\ucrtbase.dll
0x00007ff88f410000 - 0x00007ff88f428000 	C:\Program Files\JetBrains\IntelliJ IDEA 2025.2.5\jbr\bin\jli.dll
0x00007ff891050000 - 0x00007ff89106b000 	C:\Program Files\JetBrains\IntelliJ IDEA 2025.2.5\jbr\bin\VCRUNTIME140.dll
0x00007ff8ceac0000 - 0x00007ff8cec85000 	C:\WINDOWS\System32\USER32.dll
0x00007ff8cd340000 - 0x00007ff8cd367000 	C:\WINDOWS\System32\win32u.dll
0x00007ff8b4570000 - 0x00007ff8b4803000 	C:\WINDOWS\WinSxS\amd64_microsoft.windows.common-controls_6595b64144ccf1df_6.0.26100.6899_none_3e0efeeae32e88c1\COMCTL32.dll
0x00007ff8cf2b0000 - 0x00007ff8cf2db000 	C:\WINDOWS\System32\GDI32.dll
0x00007ff8cdfd0000 - 0x00007ff8ce079000 	C:\WINDOWS\System32\msvcrt.dll
0x00007ff8cd170000 - 0x00007ff8cd29d000 	C:\WINDOWS\System32\gdi32full.dll
0x00007ff8ccb50000 - 0x00007ff8ccbf3000 	C:\WINDOWS\System32\msvcp_win.dll
0x00007ff8ce080000 - 0x00007ff8ce0af000 	C:\WINDOWS\System32\IMM32.DLL
0x00007ff8c4700000 - 0x00007ff8c470c000 	C:\Program Files\JetBrains\IntelliJ IDEA 2025.2.5\jbr\bin\vcruntime140_1.dll
0x00007ff858980000 - 0x00007ff858a0d000 	C:\Program Files\JetBrains\IntelliJ IDEA 2025.2.5\jbr\bin\msvcp140.dll
0x00007ff80d890000 - 0x00007ff80e65d000 	C:\Program Files\JetBrains\IntelliJ IDEA 2025.2.5\jbr\bin\server\jvm.dll
0x00007ff8ce170000 - 0x00007ff8ce224000 	C:\WINDOWS\System32\ADVAPI32.dll
0x00007ff8ce0c0000 - 0x00007ff8ce166000 	C:\WINDOWS\System32\sechost.dll
0x00007ff8cec90000 - 0x00007ff8ceda8000 	C:\WINDOWS\System32\RPCRT4.dll
0x00007ff8cf230000 - 0x00007ff8cf2a4000 	C:\WINDOWS\System32\WS2_32.dll
0x00007ff8c1c60000 - 0x00007ff8c1c95000 	C:\WINDOWS\SYSTEM32\WINMM.dll
0x00007ff8cc830000 - 0x00007ff8cc88e000 	C:\WINDOWS\SYSTEM32\POWRPROF.dll
0x00007ff8bc000000 - 0x00007ff8bc00b000 	C:\WINDOWS\SYSTEM32\VERSION.dll
0x00007ff8cc810000 - 0x00007ff8cc824000 	C:\WINDOWS\SYSTEM32\UMPDC.dll
0x00007ff8cb630000 - 0x00007ff8cb64b000 	C:\WINDOWS\SYSTEM32\kernel.appcore.dll
0x00007ff8c3c10000 - 0x00007ff8c3c1a000 	C:\Program Files\JetBrains\IntelliJ IDEA 2025.2.5\jbr\bin\jimage.dll
0x00007ff8c8960000 - 0x00007ff8c8ba2000 	C:\WINDOWS\SYSTEM32\DBGHELP.DLL
0x00007ff8ceeb0000 - 0x00007ff8cf22b000 	C:\WINDOWS\System32\combase.dll
0x00007ff8ce9d0000 - 0x00007ff8ceaa7000 	C:\WINDOWS\System32\OLEAUT32.dll
0x00007ff897680000 - 0x00007ff8976bc000 	C:\WINDOWS\SYSTEM32\dbgcore.DLL
0x00007ff8cd2a0000 - 0x00007ff8cd338000 	C:\WINDOWS\System32\bcryptPrimitives.dll
0x00007ff88f3a0000 - 0x00007ff88f3c0000 	C:\Program Files\JetBrains\IntelliJ IDEA 2025.2.5\jbr\bin\java.dll

JVMTI agents: none

dbghelp: loaded successfully - version: 4.0.5 - missing functions: none
symbol engine: initialized successfully - sym options: 0x614 - pdb path: .;C:\Program Files\JetBrains\IntelliJ IDEA 2025.2.5\jbr\bin;C:\WINDOWS\SYSTEM32;C:\WINDOWS\WinSxS\amd64_microsoft.windows.common-controls_6595b64144ccf1df_6.0.26100.6899_none_3e0efeeae32e88c1;C:\Program Files\JetBrains\IntelliJ IDEA 2025.2.5\jbr\bin\server

VM Arguments:
java_command: git4idea.http.GitAskPassApp Username for 'https://github.com': 
java_class_path (initial): C:/Program Files/JetBrains/IntelliJ IDEA 2025.2.5/plugins/vcs-git/lib/git4idea-rt.jar;C:/Program Files/JetBrains/IntelliJ IDEA 2025.2.5/lib/externalProcess-rt.jar
Launcher Type: SUN_STANDARD

[Global flags]
     intx CICompilerCount                          = 12                                        {product} {ergonomic}
     uint ConcGCThreads                            = 4                                         {product} {ergonomic}
     uint G1ConcRefinementThreads                  = 15                                        {product} {ergonomic}
   size_t G1HeapRegionSize                         = 4194304                                   {product} {ergonomic}
    uintx GCDrainStackTargetSize                   = 64                                        {product} {ergonomic}
   size_t InitialHeapSize                          = 532676608                                 {product} {ergonomic}
   size_t MarkStackSize                            = 4194304                                   {product} {ergonomic}
   size_t MaxHeapSize                              = 8501854208                                {product} {ergonomic}
   size_t MinHeapDeltaBytes                        = 4194304                                   {product} {ergonomic}
   size_t MinHeapSize                              = 8388608                                   {product} {ergonomic}
    uintx NonNMethodCodeHeapSize                   = 7602480                                {pd product} {ergonomic}
    uintx NonProfiledCodeHeapSize                  = 122027880                              {pd product} {ergonomic}
    uintx ProfiledCodeHeapSize                     = 122027880                              {pd product} {ergonomic}
    uintx ReservedCodeCacheSize                    = 251658240                              {pd product} {ergonomic}
     bool SegmentedCodeCache                       = true                                      {product} {ergonomic}
   size_t SoftMaxHeapSize                          = 8501854208                             {manageable} {ergonomic}
     bool UseCompressedOops                        = true                           {product lp64_product} {ergonomic}
     bool UseG1GC                                  = true                                      {product} {ergonomic}
     bool UseLargePagesIndividualAllocation        = false                                  {pd product} {ergonomic}

Logging:
Log output configuration:
 #0: stdout all=warning uptime,level,tags foldmultilines=false
 #1: stderr all=off uptime,level,tags foldmultilines=false

Release file:
<release file has not been read>
Environment Variables:
JAVA_HOME=C:\Java\jdk-17
CLASSPATH=C:\Program Files\Java\jdk-25\lib
PATH=C:/Program Files/Git/mingw64/libexec/git-core;C:/Program Files/Git/mingw64/libexec/git-core;C:\Program Files\Git\mingw64\bin;C:\Program Files\Git\usr\bin;C:\Users\NataliLazarovaSQAbg\bin;C:\Java\jdk-17\bin;C:\WINDOWS\system32;C:\WINDOWS;C:\WINDOWS\System32\Wbem;C:\WINDOWS\System32\WindowsPowerShell\v1.0\;C:\WINDOWS\System32\OpenSSH\;C:\Program Files\Git\cmd;C:\Program Files\PyManager\;C:\Users\NataliLazarovaSQAbg\.local\bin;C:\Program Files\Common Files\Oracle\Java\javapath;C:\Program Files\Java\jdk-25\bin;C:\Users\NataliLazarovaSQAbg\AppData\Local\Programs\Python\Launcher\;C:\Users\NataliLazarovaSQAbg\AppData\Local\Microsoft\WindowsApps;C:\Users\NataliLazarovaSQAbg\AppData\Local\Programs\Microsoft VS Code\bin
USERNAME=NataliLazarovaSQAbg
DISPLAY=:0.0
LC_ALL=en_US.UTF-8
TERM=xterm-256color
TMPDIR=C:\Users\NATALI~1\AppData\Local\Temp
OS=Windows_NT
PROCESSOR_IDENTIFIER=Intel64 Family 6 Model 186 Stepping 2, GenuineIntel
TMP=C:\Users\NATALI~1\AppData\Local\Temp
TEMP=C:\Users\NATALI~1\AppData\Local\Temp




Periodic native trim disabled

JNI global refs:
JNI global refs: 0, weak refs: 0

JNI global refs memory usage: 0, weak refs: 0

Process memory usage:
Resident Set Size: 13320K (0% of 33198800K total physical memory with 11099320K free physical memory)

OOME stack traces (most recent first):
Classloader memory used:

---------------  S Y S T E M  ---------------

OS:
 Windows 11 , 64 bit Build 26100 (10.0.26100.6725)
OS uptime: 45 days 0:10 hours
Hyper-V role detected

CPU: total 20 (initial active 20) (10 cores per cpu, 2 threads per core) family 6 model 186 stepping 2 microcode 0x4128, cx8, cmov, fxsr, ht, mmx, 3dnowpref, sse, sse2, sse3, ssse3, sse4.1, sse4.2, popcnt, lzcnt, tsc, tscinvbit, avx, avx2, aes, erms, clmul, bmi1, bmi2, adx, sha, fma, vzeroupper, clflush, clflushopt, clwb, hv, serialize, rdtscp, rdpid, fsrm, f16c, cet_ibt, cet_ss
Processor Information for processor 0
  Max Mhz: 2400, Current Mhz: 2400, Mhz Limit: 2400
Processor Information for processor 1
  Max Mhz: 2400, Current Mhz: 2400, Mhz Limit: 2400
Processor Information for processor 2
  Max Mhz: 2400, Current Mhz: 2400, Mhz Limit: 2400
Processor Information for processor 3
  Max Mhz: 2400, Current Mhz: 2400, Mhz Limit: 2400
Processor Information for processor 4
  Max Mhz: 2400, Current Mhz: 2400, Mhz Limit: 2400
Processor Information for processor 5
  Max Mhz: 2400, Current Mhz: 2400, Mhz Limit: 2400
Processor Information for processor 6
  Max Mhz: 2400, Current Mhz: 2400, Mhz Limit: 2400
Processor Information for processor 7
  Max Mhz: 2400, Current Mhz: 2400, Mhz Limit: 2400
Processor Information for processor 8
  Max Mhz: 2400, Current Mhz: 2400, Mhz Limit: 2400
Processor Information for processor 9
  Max Mhz: 2400, Current Mhz: 1520, Mhz Limit: 2400
Processor Information for processor 10
  Max Mhz: 2400, Current Mhz: 1520, Mhz Limit: 2400
Processor Information for processor 11
  Max Mhz: 2400, Current Mhz: 2400, Mhz Limit: 2400
Processor Information for processor 12
  Max Mhz: 2400, Current Mhz: 2400, Mhz Limit: 2400
Processor Information for processor 13
  Max Mhz: 2400, Current Mhz: 2400, Mhz Limit: 2400
Processor Information for processor 14
  Max Mhz: 2400, Current Mhz: 2400, Mhz Limit: 2400
Processor Information for processor 15
  Max Mhz: 2400, Current Mhz: 2400, Mhz Limit: 2400
Processor Information for processor 16
  Max Mhz: 2400, Current Mhz: 2400, Mhz Limit: 2400
Processor Information for processor 17
  Max Mhz: 2400, Current Mhz: 2400, Mhz Limit: 2400
Processor Information for processor 18
  Max Mhz: 2400, Current Mhz: 2400, Mhz Limit: 2400
Processor Information for processor 19
  Max Mhz: 2400, Current Mhz: 1466, Mhz Limit: 2400

Memory: 4k page, system-wide physical 32420M (10839M free)
TotalPageFile size 93327M (AvailPageFile size 364M)
current process WorkingSet (physical memory assigned to process): 13M, peak: 13M
current process commit charge ("private bytes"): 75M, peak: 583M

vm_info: OpenJDK 64-Bit Server VM (21.0.9+1-b1038.76) for windows-amd64 JRE (21.0.9+1-b1038.76), built on 2025-11-17 by "builduser" with MS VC++ 16.10 / 16.11 (VS2019)

END.
